<?xml version="1.0" encoding="UTF-8"?>
<!-- Generated by org.testng.reporters.JUnitReportReporter -->
<testsuite hostname="ZSCHN01LP0090" failures="0" tests="4" name="testScripts.ArticlePage" time="4.718" errors="0" timestamp="2024-02-14T12:20:35 IST" skipped="0">
  <testcase classname="testScripts.ArticlePage" name="loginTest" time="0.624"/>
  <testcase classname="testScripts.ArticlePage" name="newArticleCreation" time="1.963"/>
  <testcase classname="testScripts.ArticlePage" name="updateTestArticle" time="1.200"/>
  <testcase classname="testScripts.ArticlePage" name="deleteTestArticle" time="0.931"/>
</testsuite> <!-- testScripts.ArticlePage -->
