<?xml version="1.0" encoding="UTF-8"?>
<!-- Generated by org.testng.reporters.JUnitReportReporter -->
<testsuite hostname="ZSCHN01LP0090" failures="0" tests="4" name="testScripts.ArticlePageTest" time="3.147" errors="0" timestamp="2024-02-15T10:56:27 IST" skipped="0">
  <testcase classname="testScripts.ArticlePageTest" name="loginTest" time="0.679"/>
  <system-out/>
  <testcase classname="testScripts.ArticlePageTest" name="newArticleCreation" time="1.422"/>
  <system-out/>
  <testcase classname="testScripts.ArticlePageTest" name="updateTestArticle" time="0.977"/>
  <system-out/>
  <testcase classname="testScripts.ArticlePageTest" name="deleteTestArticle" time="0.069"/>
  <system-out/>
</testsuite> <!-- testScripts.ArticlePageTest -->
