<?xml version="1.0" encoding="UTF-8"?>
<!-- Generated by org.testng.reporters.JUnitReportReporter -->
<testsuite hostname="ZSCHN01LP0090" failures="0" tests="6" name="testScripts.ArticlePageTest" time="6.378" errors="0" timestamp="2024-02-16T12:08:29 IST" skipped="0">
  <testcase classname="testScripts.ArticlePageTest" name="invalidloginTest" time="0.767"/>
  <system-out/>
  <testcase classname="testScripts.ArticlePageTest" name="validLoginTest" time="1.254"/>
  <system-out/>
  <testcase classname="testScripts.ArticlePageTest" name="duplicateArticleTest" time="0.942"/>
  <system-out/>
  <testcase classname="testScripts.ArticlePageTest" name="newArticleCreation" time="1.260"/>
  <system-out/>
  <testcase classname="testScripts.ArticlePageTest" name="updateTestArticle" time="1.471"/>
  <system-out/>
  <testcase classname="testScripts.ArticlePageTest" name="deleteTestArticle" time="0.684"/>
  <system-out/>
</testsuite> <!-- testScripts.ArticlePageTest -->
